react-project/android/app/build/outputs/logs/manifest-merger-debug-report.txt
-- Merging decision tree log ---
permission#com.reactemployees.permission.C2D_MESSAGE
INJECTED from src/main/AndroidManifest.xml:11:5-13:47
	android:protectionLevel
		ADDED from src/main/AndroidManifest.xml:13:9-44
	android:name
		INJECTED from src/main/AndroidManifest.xml
		ADDED from src/main/AndroidManifest.xml:12:9-63
uses-permission#com.reactemployees.permission.C2D_MESSAGE
INJECTED from src/main/AndroidManifest.xml:14:5-79
	android:name
		INJECTED from src/main/AndroidManifest.xml
		ADDED from src/main/AndroidManifest.xml:14:22-76
category#com.reactemployees
INJECTED from src/main/AndroidManifest.xml:45:17-61
	android:name
		INJECTED from src/main/AndroidManifest.xml
		ADDED from src/main/AndroidManifest.xml:45:27-58
manifest
ADDED from src/main/AndroidManifest.xml:1:1-65:12
INJECTED from src/main/AndroidManifest.xml:1:1-65:12
INJECTED from src/main/AndroidManifest.xml:1:1-65:12
INJECTED from src/main/AndroidManifest.xml:1:1-65:12
MERGED from [:react-native-push-notification] AndroidManifest.xml:2:1-11:12
MERGED from [:react-native-google-sign-in] AndroidManifest.xml:2:1-11:12
MERGED from [:react-native-firebase] AndroidManifest.xml:2:1-13:12
MERGED from [:react-native-facebook-login] AndroidManifest.xml:2:1-11:12
MERGED from [:react-native-svg] AndroidManifest.xml:2:1-11:12
MERGED from [:react-native-vector-icons] AndroidManifest.xml:2:1-11:12
MERGED from [com.facebook.react:react-native:0.49.5] AndroidManifest.xml:2:1-15:12
MERGED from [com.facebook.android:facebook-android-sdk:4.16.1] AndroidManifest.xml:21:1-40:12
MERGED from [com.android.support:appcompat-v7:23.4.0] AndroidManifest.xml:17:1-27:12
MERGED from [com.google.android.gms:play-services-gcm:11.0.4] AndroidManifest.xml:16:1-24:12
MERGED from [me.leolin:ShortcutBadger:1.1.8] AndroidManifest.xml:2:1-41:12
MERGED from [com.google.android.gms:play-services-auth:11.0.4] AndroidManifest.xml:16:1-26:12
MERGED from [com.facebook.fbui.textlayoutbuilder:textlayoutbuilder:1.0.0] AndroidManifest.xml:10:1-18:12
MERGED from [com.facebook.fresco:fresco:1.3.0] AndroidManifest.xml:2:1-9:12
MERGED from [com.facebook.fresco:imagepipeline-okhttp3:1.3.0] AndroidManifest.xml:2:1-9:12
MERGED from [com.facebook.soloader:soloader:0.1.0] AndroidManifest.xml:1:1-4:12
MERGED from [org.webkit:android-jsc:r174650] AndroidManifest.xml:1:1-3:12
MERGED from [com.google.android.gms:play-services-iid:11.0.4] AndroidManifest.xml:16:1-24:12
MERGED from [com.google.android.gms:play-services-auth-base:11.0.4] AndroidManifest.xml:2:1-5:12
MERGED from [com.google.android.gms:play-services-base:11.0.4] AndroidManifest.xml:16:1-21:12
MERGED from [com.google.android.gms:play-services-tasks:11.0.4] AndroidManifest.xml:2:1-5:12
MERGED from [com.google.android.gms:play-services-basement:11.0.4] AndroidManifest.xml:16:1-23:12
MERGED from [com.android.support:customtabs:23.4.0] AndroidManifest.xml:17:1-24:12
MERGED from [com.android.support:animated-vector-drawable:23.4.0] AndroidManifest.xml:2:1-9:12
MERGED from [com.android.support:support-vector-drawable:23.4.0] AndroidManifest.xml:2:1-9:12
MERGED from [com.android.support:support-v4:25.2.0] AndroidManifest.xml:17:1-27:12
MERGED from [com.android.support:cardview-v7:23.4.0] AndroidManifest.xml:17:1-24:12
MERGED from [com.facebook.fresco:drawee:1.3.0] AndroidManifest.xml:2:1-9:12
MERGED from [com.facebook.fresco:imagepipeline:1.3.0] AndroidManifest.xml:2:1-9:12
MERGED from [com.facebook.fresco:imagepipeline-base:1.3.0] AndroidManifest.xml:2:1-9:12
MERGED from [com.facebook.fresco:fbcore:1.3.0] AndroidManifest.xml:2:1-9:12
MERGED from [com.android.support:support-fragment:25.2.0] AndroidManifest.xml:17:1-27:12
MERGED from [com.android.support:support-media-compat:25.2.0] AndroidManifest.xml:17:1-27:12
MERGED from [com.android.support:support-core-utils:25.2.0] AndroidManifest.xml:17:1-27:12
MERGED from [com.android.support:support-core-ui:25.2.0] AndroidManifest.xml:17:1-27:12
MERGED from [com.android.support:support-compat:25.2.0] AndroidManifest.xml:17:1-27:12
INJECTED from src/main/AndroidManifest.xml:1:1-65:12
INJECTED from src/main/AndroidManifest.xml:1:1-65:12
INJECTED from src/main/AndroidManifest.xml:1:1-65:12
	package
		ADDED from src/main/AndroidManifest.xml:2:5-33
		INJECTED from src/main/AndroidManifest.xml
		INJECTED from src/main/AndroidManifest.xml
	android:versionName
		ADDED from src/main/AndroidManifest.xml:4:5-30
		INJECTED from src/main/AndroidManifest.xml
		INJECTED from src/main/AndroidManifest.xml
	xmlns:android
		ADDED from src/main/AndroidManifest.xml:1:11-69
	android:versionCode
		ADDED from src/main/AndroidManifest.xml:3:5-28
		INJECTED from src/main/AndroidManifest.xml
		INJECTED from src/main/AndroidManifest.xml
uses-permission#android.permission.INTERNET
ADDED from src/main/AndroidManifest.xml:6:5-67
MERGED from [:react-native-firebase] AndroidManifest.xml:11:5-67
MERGED from [:react-native-firebase] AndroidManifest.xml:11:5-67
MERGED from [com.google.android.gms:play-services-gcm:11.0.4] AndroidManifest.xml:21:5-66
MERGED from [com.google.android.gms:play-services-gcm:11.0.4] AndroidManifest.xml:21:5-66
MERGED from [com.google.android.gms:play-services-iid:11.0.4] AndroidManifest.xml:21:5-66
MERGED from [com.google.android.gms:play-services-iid:11.0.4] AndroidManifest.xml:21:5-66
	android:name
		ADDED from src/main/AndroidManifest.xml:6:22-64
uses-permission#android.permission.SYSTEM_ALERT_WINDOW
ADDED from src/main/AndroidManifest.xml:7:5-77
MERGED from [com.facebook.react:react-native:0.49.5] AndroidManifest.xml:11:5-78
MERGED from [com.facebook.react:react-native:0.49.5] AndroidManifest.xml:11:5-78
	android:name
		ADDED from src/main/AndroidManifest.xml:7:22-75
uses-permission#android.permission.ACCESS_NETWORK_STATE
ADDED from src/main/AndroidManifest.xml:8:5-79
	android:name
		ADDED from src/main/AndroidManifest.xml:8:22-76
uses-permission#android.permission.WAKE_LOCK
ADDED from src/main/AndroidManifest.xml:10:5-68
	android:name
		ADDED from src/main/AndroidManifest.xml:10:22-65
uses-permission#android.permission.VIBRATE
ADDED from src/main/AndroidManifest.xml:15:5-66
	android:name
		ADDED from src/main/AndroidManifest.xml:15:22-63
uses-permission#android.permission.RECEIVE_BOOT_COMPLETED
ADDED from src/main/AndroidManifest.xml:16:5-80
	android:name
		ADDED from src/main/AndroidManifest.xml:16:22-78
uses-sdk
ADDED from src/main/AndroidManifest.xml:18:5-20:41
INJECTED from src/main/AndroidManifest.xml:18:5-20:41
INJECTED from src/main/AndroidManifest.xml:18:5-20:41
MERGED from [:react-native-push-notification] AndroidManifest.xml:7:5-9:41
MERGED from [:react-native-push-notification] AndroidManifest.xml:7:5-9:41
MERGED from [:react-native-google-sign-in] AndroidManifest.xml:7:5-9:41
MERGED from [:react-native-google-sign-in] AndroidManifest.xml:7:5-9:41
MERGED from [:react-native-firebase] AndroidManifest.xml:7:5-9:41
MERGED from [:react-native-firebase] AndroidManifest.xml:7:5-9:41
MERGED from [:react-native-facebook-login] AndroidManifest.xml:7:5-9:41
MERGED from [:react-native-facebook-login] AndroidManifest.xml:7:5-9:41
MERGED from [:react-native-svg] AndroidManifest.xml:7:5-9:41
MERGED from [:react-native-svg] AndroidManifest.xml:7:5-9:41
MERGED from [:react-native-vector-icons] AndroidManifest.xml:7:5-9:41
MERGED from [:react-native-vector-icons] AndroidManifest.xml:7:5-9:41
MERGED from [com.facebook.react:react-native:0.49.5] AndroidManifest.xml:7:5-9:41
MERGED from [com.facebook.react:react-native:0.49.5] AndroidManifest.xml:7:5-9:41
MERGED from [com.facebook.android:facebook-android-sdk:4.16.1] AndroidManifest.xml:24:5-26:41
MERGED from [com.facebook.android:facebook-android-sdk:4.16.1] AndroidManifest.xml:24:5-26:41
MERGED from [com.android.support:appcompat-v7:23.4.0] AndroidManifest.xml:21:5-23:78
MERGED from [com.android.support:appcompat-v7:23.4.0] AndroidManifest.xml:21:5-23:78
MERGED from [com.google.android.gms:play-services-gcm:11.0.4] AndroidManifest.xml:17:5-43
MERGED from [com.google.android.gms:play-services-gcm:11.0.4] AndroidManifest.xml:17:5-43
MERGED from [me.leolin:ShortcutBadger:1.1.8] AndroidManifest.xml:7:5-9:41
MERGED from [me.leolin:ShortcutBadger:1.1.8] AndroidManifest.xml:7:5-9:41
MERGED from [com.google.android.gms:play-services-auth:11.0.4] AndroidManifest.xml:17:5-43
MERGED from [com.google.android.gms:play-services-auth:11.0.4] AndroidManifest.xml:17:5-43
MERGED from [com.facebook.fbui.textlayoutbuilder:textlayoutbuilder:1.0.0] AndroidManifest.xml:14:5-16:41
MERGED from [com.facebook.fbui.textlayoutbuilder:textlayoutbuilder:1.0.0] AndroidManifest.xml:14:5-16:41
MERGED from [com.facebook.fresco:fresco:1.3.0] AndroidManifest.xml:5:5-7:41
MERGED from [com.facebook.fresco:fresco:1.3.0] AndroidManifest.xml:5:5-7:41
MERGED from [com.facebook.fresco:imagepipeline-okhttp3:1.3.0] AndroidManifest.xml:5:5-7:41
MERGED from [com.facebook.fresco:imagepipeline-okhttp3:1.3.0] AndroidManifest.xml:5:5-7:41
MERGED from [com.facebook.soloader:soloader:0.1.0] AndroidManifest.xml:2:3-70
MERGED from [com.facebook.soloader:soloader:0.1.0] AndroidManifest.xml:2:3-70
MERGED from [com.google.android.gms:play-services-iid:11.0.4] AndroidManifest.xml:17:5-43
MERGED from [com.google.android.gms:play-services-iid:11.0.4] AndroidManifest.xml:17:5-43
MERGED from [com.google.android.gms:play-services-auth-base:11.0.4] AndroidManifest.xml:4:5-43
MERGED from [com.google.android.gms:play-services-auth-base:11.0.4] AndroidManifest.xml:4:5-43
MERGED from [com.google.android.gms:play-services-base:11.0.4] AndroidManifest.xml:17:5-43
MERGED from [com.google.android.gms:play-services-base:11.0.4] AndroidManifest.xml:17:5-43
MERGED from [com.google.android.gms:play-services-tasks:11.0.4] AndroidManifest.xml:3:5-43
MERGED from [com.google.android.gms:play-services-tasks:11.0.4] AndroidManifest.xml:3:5-43
MERGED from [com.google.android.gms:play-services-basement:11.0.4] AndroidManifest.xml:17:5-43
MERGED from [com.google.android.gms:play-services-basement:11.0.4] AndroidManifest.xml:17:5-43
MERGED from [com.android.support:customtabs:23.4.0] AndroidManifest.xml:20:5-44
MERGED from [com.android.support:customtabs:23.4.0] AndroidManifest.xml:20:5-44
MERGED from [com.android.support:animated-vector-drawable:23.4.0] AndroidManifest.xml:5:5-44
MERGED from [com.android.support:animated-vector-drawable:23.4.0] AndroidManifest.xml:5:5-44
MERGED from [com.android.support:support-vector-drawable:23.4.0] AndroidManifest.xml:5:5-43
MERGED from [com.android.support:support-vector-drawable:23.4.0] AndroidManifest.xml:5:5-43
MERGED from [com.android.support:support-v4:25.2.0] AndroidManifest.xml:21:5-23:54
MERGED from [com.android.support:support-v4:25.2.0] AndroidManifest.xml:21:5-23:54
MERGED from [com.android.support:cardview-v7:23.4.0] AndroidManifest.xml:20:5-43
MERGED from [com.android.support:cardview-v7:23.4.0] AndroidManifest.xml:20:5-43
MERGED from [com.facebook.fresco:drawee:1.3.0] AndroidManifest.xml:5:5-7:41
MERGED from [com.facebook.fresco:drawee:1.3.0] AndroidManifest.xml:5:5-7:41
MERGED from [com.facebook.fresco:imagepipeline:1.3.0] AndroidManifest.xml:5:5-7:41
MERGED from [com.facebook.fresco:imagepipeline:1.3.0] AndroidManifest.xml:5:5-7:41
MERGED from [com.facebook.fresco:imagepipeline-base:1.3.0] AndroidManifest.xml:5:5-7:41
MERGED from [com.facebook.fresco:imagepipeline-base:1.3.0] AndroidManifest.xml:5:5-7:41
MERGED from [com.facebook.fresco:fbcore:1.3.0] AndroidManifest.xml:5:5-7:41
MERGED from [com.facebook.fresco:fbcore:1.3.0] AndroidManifest.xml:5:5-7:41
MERGED from [com.android.support:support-fragment:25.2.0] AndroidManifest.xml:21:5-23:60
MERGED from [com.android.support:support-fragment:25.2.0] AndroidManifest.xml:21:5-23:60
MERGED from [com.android.support:support-media-compat:25.2.0] AndroidManifest.xml:21:5-23:63
MERGED from [com.android.support:support-media-compat:25.2.0] AndroidManifest.xml:21:5-23:63
MERGED from [com.android.support:support-core-utils:25.2.0] AndroidManifest.xml:21:5-23:61
MERGED from [com.android.support:support-core-utils:25.2.0] AndroidManifest.xml:21:5-23:61
MERGED from [com.android.support:support-core-ui:25.2.0] AndroidManifest.xml:21:5-23:58
MERGED from [com.android.support:support-core-ui:25.2.0] AndroidManifest.xml:21:5-23:58
MERGED from [com.android.support:support-compat:25.2.0] AndroidManifest.xml:21:5-23:58
MERGED from [com.android.support:support-compat:25.2.0] AndroidManifest.xml:21:5-23:58
INJECTED from src/main/AndroidManifest.xml:18:5-20:41
INJECTED from src/main/AndroidManifest.xml:18:5-20:41
	tools:overrideLibrary
		ADDED from [com.android.support:appcompat-v7:23.4.0] AndroidManifest.xml:23:9-75
	android:targetSdkVersion
		ADDED from src/main/AndroidManifest.xml:20:9-38
		INJECTED from src/main/AndroidManifest.xml
		INJECTED from src/main/AndroidManifest.xml
	android:minSdkVersion
		ADDED from src/main/AndroidManifest.xml:19:9-35
		INJECTED from src/main/AndroidManifest.xml
		INJECTED from src/main/AndroidManifest.xml
application
ADDED from src/main/AndroidManifest.xml:22:5-63:19
MERGED from [com.facebook.react:react-native:0.49.5] AndroidManifest.xml:13:5-20
MERGED from [com.facebook.react:react-native:0.49.5] AndroidManifest.xml:13:5-20
MERGED from [com.facebook.android:facebook-android-sdk:4.16.1] AndroidManifest.xml:28:5-38:19
MERGED from [com.facebook.android:facebook-android-sdk:4.16.1] AndroidManifest.xml:28:5-38:19
MERGED from [com.android.support:appcompat-v7:23.4.0] AndroidManifest.xml:25:5-20
MERGED from [com.android.support:appcompat-v7:23.4.0] AndroidManifest.xml:25:5-20
MERGED from [com.google.android.gms:play-services-gcm:11.0.4] AndroidManifest.xml:23:5-19
MERGED from [com.google.android.gms:play-services-gcm:11.0.4] AndroidManifest.xml:23:5-19
MERGED from [com.google.android.gms:play-services-auth:11.0.4] AndroidManifest.xml:19:5-25:19
MERGED from [com.google.android.gms:play-services-auth:11.0.4] AndroidManifest.xml:19:5-25:19
MERGED from [com.facebook.soloader:soloader:0.1.0] AndroidManifest.xml:3:3-17
MERGED from [com.facebook.soloader:soloader:0.1.0] AndroidManifest.xml:3:3-17
MERGED from [org.webkit:android-jsc:r174650] AndroidManifest.xml:2:3-17
MERGED from [org.webkit:android-jsc:r174650] AndroidManifest.xml:2:3-17
MERGED from [com.google.android.gms:play-services-iid:11.0.4] AndroidManifest.xml:23:5-19
MERGED from [com.google.android.gms:play-services-iid:11.0.4] AndroidManifest.xml:23:5-19
MERGED from [com.google.android.gms:play-services-base:11.0.4] AndroidManifest.xml:18:5-20:19
MERGED from [com.google.android.gms:play-services-base:11.0.4] AndroidManifest.xml:18:5-20:19
MERGED from [com.google.android.gms:play-services-tasks:11.0.4] AndroidManifest.xml:4:5-19
MERGED from [com.google.android.gms:play-services-tasks:11.0.4] AndroidManifest.xml:4:5-19
MERGED from [com.google.android.gms:play-services-basement:11.0.4] AndroidManifest.xml:19:5-21:19
MERGED from [com.google.android.gms:play-services-basement:11.0.4] AndroidManifest.xml:19:5-21:19
MERGED from [com.android.support:customtabs:23.4.0] AndroidManifest.xml:22:5-20
MERGED from [com.android.support:customtabs:23.4.0] AndroidManifest.xml:22:5-20
MERGED from [com.android.support:animated-vector-drawable:23.4.0] AndroidManifest.xml:7:5-20
MERGED from [com.android.support:animated-vector-drawable:23.4.0] AndroidManifest.xml:7:5-20
MERGED from [com.android.support:support-vector-drawable:23.4.0] AndroidManifest.xml:7:5-20
MERGED from [com.android.support:support-vector-drawable:23.4.0] AndroidManifest.xml:7:5-20
MERGED from [com.android.support:support-v4:25.2.0] AndroidManifest.xml:25:5-20
MERGED from [com.android.support:support-v4:25.2.0] AndroidManifest.xml:25:5-20
MERGED from [com.android.support:cardview-v7:23.4.0] AndroidManifest.xml:22:5-20
MERGED from [com.android.support:cardview-v7:23.4.0] AndroidManifest.xml:22:5-20
MERGED from [com.android.support:support-fragment:25.2.0] AndroidManifest.xml:25:5-20
MERGED from [com.android.support:support-fragment:25.2.0] AndroidManifest.xml:25:5-20
MERGED from [com.android.support:support-media-compat:25.2.0] AndroidManifest.xml:25:5-20
MERGED from [com.android.support:support-media-compat:25.2.0] AndroidManifest.xml:25:5-20
MERGED from [com.android.support:support-core-utils:25.2.0] AndroidManifest.xml:25:5-20
MERGED from [com.android.support:support-core-utils:25.2.0] AndroidManifest.xml:25:5-20
MERGED from [com.android.support:support-core-ui:25.2.0] AndroidManifest.xml:25:5-20
MERGED from [com.android.support:support-core-ui:25.2.0] AndroidManifest.xml:25:5-20
MERGED from [com.android.support:support-compat:25.2.0] AndroidManifest.xml:25:5-20
MERGED from [com.android.support:support-compat:25.2.0] AndroidManifest.xml:25:5-20
	android:label
		ADDED from src/main/AndroidManifest.xml:25:7-39
	android:icon
		ADDED from src/main/AndroidManifest.xml:26:7-41
	android:allowBackup
		ADDED from src/main/AndroidManifest.xml:24:7-33
	android:theme
		ADDED from src/main/AndroidManifest.xml:27:7-38
	android:name
		ADDED from src/main/AndroidManifest.xml:23:7-38
activity#com.reactemployees.MainActivity
ADDED from src/main/AndroidManifest.xml:28:7-37:18
	android:label
		ADDED from src/main/AndroidManifest.xml:30:9-41
	android:windowSoftInputMode
		ADDED from src/main/AndroidManifest.xml:32:9-51
	android:configChanges
		ADDED from src/main/AndroidManifest.xml:31:9-79
	android:name
		ADDED from src/main/AndroidManifest.xml:29:9-37
intent-filter#android.intent.action.MAIN+android.intent.category.LAUNCHER
ADDED from src/main/AndroidManifest.xml:33:9-36:25
action#android.intent.action.MAIN
ADDED from src/main/AndroidManifest.xml:34:13-65
	android:name
		ADDED from src/main/AndroidManifest.xml:34:21-62
category#android.intent.category.LAUNCHER
ADDED from src/main/AndroidManifest.xml:35:13-73
	android:name
		ADDED from src/main/AndroidManifest.xml:35:23-70
activity#com.facebook.react.devsupport.DevSettingsActivity
ADDED from src/main/AndroidManifest.xml:38:7-84
	android:name
		ADDED from src/main/AndroidManifest.xml:38:17-81
receiver#com.google.android.gms.gcm.GcmReceiver
ADDED from src/main/AndroidManifest.xml:39:7-47:20
	android:exported
		ADDED from src/main/AndroidManifest.xml:41:13-36
	android:permission
		ADDED from src/main/AndroidManifest.xml:42:13-73
	android:name
		ADDED from src/main/AndroidManifest.xml:40:13-66
intent-filter#com.google.android.c2dm.intent.RECEIVE+com.reactemployees
ADDED from src/main/AndroidManifest.xml:43:13-46:29
action#com.google.android.c2dm.intent.RECEIVE
ADDED from src/main/AndroidManifest.xml:44:17-81
	android:name
		ADDED from src/main/AndroidManifest.xml:44:25-78
receiver#com.dieam.reactnativepushnotification.modules.RNPushNotificationPublisher
ADDED from src/main/AndroidManifest.xml:49:9-110
	android:name
		ADDED from src/main/AndroidManifest.xml:49:19-107
receiver#com.dieam.reactnativepushnotification.modules.RNPushNotificationBootEventReceiver
ADDED from src/main/AndroidManifest.xml:50:9-54:20
	android:name
		ADDED from src/main/AndroidManifest.xml:50:19-115
intent-filter#android.intent.action.BOOT_COMPLETED
ADDED from src/main/AndroidManifest.xml:51:13-53:29
action#android.intent.action.BOOT_COMPLETED
ADDED from src/main/AndroidManifest.xml:52:17-79
	android:name
		ADDED from src/main/AndroidManifest.xml:52:25-76
service#com.dieam.reactnativepushnotification.modules.RNPushNotificationRegistrationService
ADDED from src/main/AndroidManifest.xml:55:9-118
	android:name
		ADDED from src/main/AndroidManifest.xml:55:18-116
service#com.dieam.reactnativepushnotification.modules.RNPushNotificationListenerService
ADDED from src/main/AndroidManifest.xml:56:9-62:19
	android:exported
		ADDED from src/main/AndroidManifest.xml:58:13-37
	android:name
		ADDED from src/main/AndroidManifest.xml:57:13-107
intent-filter#com.google.android.c2dm.intent.RECEIVE
ADDED from src/main/AndroidManifest.xml:59:13-61:29
activity#com.facebook.FacebookActivity
ADDED from [com.facebook.android:facebook-android-sdk:4.16.1] AndroidManifest.xml:29:9-32:66
	android:configChanges
		ADDED from [com.facebook.android:facebook-android-sdk:4.16.1] AndroidManifest.xml:31:13-96
	android:theme
		ADDED from [com.facebook.android:facebook-android-sdk:4.16.1] AndroidManifest.xml:32:13-63
	android:name
		ADDED from [com.facebook.android:facebook-android-sdk:4.16.1] AndroidManifest.xml:30:13-57
activity#com.facebook.CustomTabActivity
ADDED from [com.facebook.android:facebook-android-sdk:4.16.1] AndroidManifest.xml:33:9-36:20
	android:exported
		ADDED from [com.facebook.android:facebook-android-sdk:4.16.1] AndroidManifest.xml:35:13-36
	android:name
		ADDED from [com.facebook.android:facebook-android-sdk:4.16.1] AndroidManifest.xml:34:13-58
activity#com.facebook.CustomTabMainActivity
ADDED from [com.facebook.android:facebook-android-sdk:4.16.1] AndroidManifest.xml:37:9-71
	android:name
		ADDED from [com.facebook.android:facebook-android-sdk:4.16.1] AndroidManifest.xml:37:19-68
uses-permission#com.google.android.c2dm.permission.RECEIVE
ADDED from [com.google.android.gms:play-services-gcm:11.0.4] AndroidManifest.xml:20:5-81
MERGED from [com.google.android.gms:play-services-iid:11.0.4] AndroidManifest.xml:20:5-81
MERGED from [com.google.android.gms:play-services-iid:11.0.4] AndroidManifest.xml:20:5-81
	android:name
		ADDED from [com.google.android.gms:play-services-gcm:11.0.4] AndroidManifest.xml:20:22-79
uses-permission#com.sec.android.provider.badge.permission.READ
ADDED from [me.leolin:ShortcutBadger:1.1.8] AndroidManifest.xml:19:5-86
	android:name
		ADDED from [me.leolin:ShortcutBadger:1.1.8] AndroidManifest.xml:19:22-83
uses-permission#com.sec.android.provider.badge.permission.WRITE
ADDED from [me.leolin:ShortcutBadger:1.1.8] AndroidManifest.xml:20:5-87
	android:name
		ADDED from [me.leolin:ShortcutBadger:1.1.8] AndroidManifest.xml:20:22-84
uses-permission#com.htc.launcher.permission.READ_SETTINGS
ADDED from [me.leolin:ShortcutBadger:1.1.8] AndroidManifest.xml:23:5-81
	android:name
		ADDED from [me.leolin:ShortcutBadger:1.1.8] AndroidManifest.xml:23:22-78
uses-permission#com.htc.launcher.permission.UPDATE_SHORTCUT
ADDED from [me.leolin:ShortcutBadger:1.1.8] AndroidManifest.xml:24:5-83
	android:name
		ADDED from [me.leolin:ShortcutBadger:1.1.8] AndroidManifest.xml:24:22-80
uses-permission#com.sonyericsson.home.permission.BROADCAST_BADGE
ADDED from [me.leolin:ShortcutBadger:1.1.8] AndroidManifest.xml:27:5-88
	android:name
		ADDED from [me.leolin:ShortcutBadger:1.1.8] AndroidManifest.xml:27:22-85
uses-permission#com.sonymobile.home.permission.PROVIDER_INSERT_BADGE
ADDED from [me.leolin:ShortcutBadger:1.1.8] AndroidManifest.xml:28:5-92
	android:name
		ADDED from [me.leolin:ShortcutBadger:1.1.8] AndroidManifest.xml:28:22-89
uses-permission#com.anddoes.launcher.permission.UPDATE_COUNT
ADDED from [me.leolin:ShortcutBadger:1.1.8] AndroidManifest.xml:31:5-84
	android:name
		ADDED from [me.leolin:ShortcutBadger:1.1.8] AndroidManifest.xml:31:22-81
uses-permission#com.majeur.launcher.permission.UPDATE_BADGE
ADDED from [me.leolin:ShortcutBadger:1.1.8] AndroidManifest.xml:34:5-83
	android:name
		ADDED from [me.leolin:ShortcutBadger:1.1.8] AndroidManifest.xml:34:22-80
uses-permission#com.huawei.android.launcher.permission.CHANGE_BADGE
ADDED from [me.leolin:ShortcutBadger:1.1.8] AndroidManifest.xml:37:5-91
	android:name
		ADDED from [me.leolin:ShortcutBadger:1.1.8] AndroidManifest.xml:37:22-88
uses-permission#com.huawei.android.launcher.permission.READ_SETTINGS
ADDED from [me.leolin:ShortcutBadger:1.1.8] AndroidManifest.xml:38:5-92
	android:name
		ADDED from [me.leolin:ShortcutBadger:1.1.8] AndroidManifest.xml:38:22-89
uses-permission#com.huawei.android.launcher.permission.WRITE_SETTINGS
ADDED from [me.leolin:ShortcutBadger:1.1.8] AndroidManifest.xml:39:5-93
	android:name
		ADDED from [me.leolin:ShortcutBadger:1.1.8] AndroidManifest.xml:39:22-90
activity#com.google.android.gms.auth.api.signin.internal.SignInHubActivity
ADDED from [com.google.android.gms:play-services-auth:11.0.4] AndroidManifest.xml:20:9-189
	android:excludeFromRecents
		ADDED from [com.google.android.gms:play-services-auth:11.0.4] AndroidManifest.xml:20:129-162
	android:exported
		ADDED from [com.google.android.gms:play-services-auth:11.0.4] AndroidManifest.xml:20:163-187
	android:theme
		ADDED from [com.google.android.gms:play-services-auth:11.0.4] AndroidManifest.xml:20:69-128
	android:name
		ADDED from [com.google.android.gms:play-services-auth:11.0.4] AndroidManifest.xml:20:19-68
service#com.google.android.gms.auth.api.signin.RevocationBoundService
ADDED from [com.google.android.gms:play-services-auth:11.0.4] AndroidManifest.xml:24:9-184
	android:exported
		ADDED from [com.google.android.gms:play-services-auth:11.0.4] AndroidManifest.xml:24:64-87
	android:permission
		ADDED from [com.google.android.gms:play-services-auth:11.0.4] AndroidManifest.xml:24:88-182
	android:name
		ADDED from [com.google.android.gms:play-services-auth:11.0.4] AndroidManifest.xml:24:18-63
uses-permission#android.permission.WRITE_EXTERNAL_STORAGE
IMPLIED from src/main/AndroidManifest.xml:1:1-65:12 reason: org.webkit.android_jsc has a targetSdkVersion < 4
uses-permission#android.permission.READ_PHONE_STATE
IMPLIED from src/main/AndroidManifest.xml:1:1-65:12 reason: org.webkit.android_jsc has a targetSdkVersion < 4
uses-permission#android.permission.READ_EXTERNAL_STORAGE
IMPLIED from src/main/AndroidManifest.xml:1:1-65:12 reason: org.webkit.android_jsc requested WRITE_EXTERNAL_STORAGE
activity#com.google.android.gms.common.api.GoogleApiActivity
ADDED from [com.google.android.gms:play-services-base:11.0.4] AndroidManifest.xml:19:9-172
	android:exported
		ADDED from [com.google.android.gms:play-services-base:11.0.4] AndroidManifest.xml:19:146-170
	android:theme
		ADDED from [com.google.android.gms:play-services-base:11.0.4] AndroidManifest.xml:19:86-145
	android:name
		ADDED from [com.google.android.gms:play-services-base:11.0.4] AndroidManifest.xml:19:19-85
meta-data#com.google.android.gms.version
ADDED from [com.google.android.gms:play-services-basement:11.0.4] AndroidManifest.xml:20:9-121
	android:value
		ADDED from [com.google.android.gms:play-services-basement:11.0.4] AndroidManifest.xml:20:66-119
	android:name
		ADDED from [com.google.android.gms:play-services-basement:11.0.4] AndroidManifest.xml:20:20-65